<?xml version="1.0" encoding="UTF-8"?>
<!-- Generated by org.testng.reporters.JUnitXMLReporter -->
<testsuite hostname="HEXSTU7" name="Default test" tests="3" failures="0" timestamp="31 May 2016 19:37:10 GMT" time="0.558" errors="0">
  <testcase name="feature" time="0.149" classname="myPackage.LoginTestRunner"/>
  <testcase name="feature" time="0.018" classname="myPackage.LoginTestRunner"/>
  <testcase name="feature" time="0.046" classname="myPackage.LoginTestRunner"/>
</testsuite> <!-- Default test -->
