<?xml version="1.0" encoding="UTF-8"?>
<testng-results skipped="0" failed="0" total="3" passed="3">
  <reporter-output>
  </reporter-output>
  <suite name="Default suite" duration-ms="558" started-at="2016-05-31T19:37:09Z" finished-at="2016-05-31T19:37:10Z">
    <groups>
      <group name="cucumber">
        <method signature="AbstractTestNGCucumberTests.feature(cucumber.api.testng.CucumberFeatureWrapper)[pri:0, instance:myPackage.LoginTestRunner@4b9e13df]" name="feature" class="cucumber.api.testng.AbstractTestNGCucumberTests"/>
      </group> <!-- cucumber -->
    </groups>
    <test name="Default test" duration-ms="558" started-at="2016-05-31T19:37:09Z" finished-at="2016-05-31T19:37:10Z">
      <class name="myPackage.LoginTestRunner">
        <test-method status="PASS" signature="setUpClass()[pri:0, instance:myPackage.LoginTestRunner@4b9e13df]" name="setUpClass" is-config="true" duration-ms="221" started-at="2016-05-31T15:37:09Z" finished-at="2016-05-31T15:37:10Z">
          <reporter-output>
          </reporter-output>
        </test-method> <!-- setUpClass -->
        <test-method status="PASS" signature="feature(cucumber.api.testng.CucumberFeatureWrapper)[pri:0, instance:myPackage.LoginTestRunner@4b9e13df]" name="feature" duration-ms="149" started-at="2016-05-31T15:37:10Z" description="Runs Cucumber Feature" data-provider="features" finished-at="2016-05-31T15:37:10Z">
          <params>
            <param index="0">
              <value>
                <![CDATA[trading Money]]>
              </value>
            </param>
          </params>
          <reporter-output>
          </reporter-output>
        </test-method> <!-- feature -->
        <test-method status="PASS" signature="feature(cucumber.api.testng.CucumberFeatureWrapper)[pri:0, instance:myPackage.LoginTestRunner@4b9e13df]" name="feature" duration-ms="18" started-at="2016-05-31T15:37:10Z" description="Runs Cucumber Feature" data-provider="features" finished-at="2016-05-31T15:37:10Z">
          <params>
            <param index="0">
              <value>
                <![CDATA[Login to account]]>
              </value>
            </param>
          </params>
          <reporter-output>
          </reporter-output>
        </test-method> <!-- feature -->
        <test-method status="PASS" signature="feature(cucumber.api.testng.CucumberFeatureWrapper)[pri:0, instance:myPackage.LoginTestRunner@4b9e13df]" name="feature" duration-ms="46" started-at="2016-05-31T15:37:10Z" description="Runs Cucumber Feature" data-provider="features" finished-at="2016-05-31T15:37:10Z">
          <params>
            <param index="0">
              <value>
                <![CDATA[transfer of Fund]]>
              </value>
            </param>
          </params>
          <reporter-output>
          </reporter-output>
        </test-method> <!-- feature -->
        <test-method status="PASS" signature="tearDownClass()[pri:0, instance:myPackage.LoginTestRunner@4b9e13df]" name="tearDownClass" is-config="true" duration-ms="9" started-at="2016-05-31T15:37:10Z" finished-at="2016-05-31T15:37:10Z">
          <reporter-output>
          </reporter-output>
        </test-method> <!-- tearDownClass -->
      </class> <!-- myPackage.LoginTestRunner -->
    </test> <!-- Default test -->
  </suite> <!-- Default suite -->
</testng-results>
